388362	libgl1-mesa-dri
378362	conda
198212	llvm-10-dev
129416	moby-containerd
108190	moby-engine
89408	libllvm12
87907	valgrind
81962	moby-buildx
71983	libllvm10
63287	moby-compose
56438	libclang-common-10-dev
49224	gh
43621	libclang-cpp10
43618	libicu-dev
40155	moby-cli
36000	git
33501	libclang1-10
32774	libicu66
30771	vim-runtime
29931	mesa-vulkan-drivers
29840	gcc-9
29310	libc6-dbg
28016	g++-9
27090	libperl5.30
26238	cpp-9
22171	libz3-4
20754	humanity-icon-theme
20482	llvm-10
19557	libpython3.8-dev
19553	iso-codes
19081	libc6-dev
18754	cmake
17737	git-lfs
17645	libstdc++-9-dev
17230	perl-modules-5.30
17196	locales
15332	systemd
15235	zsh-common
14965	libasan5
14918	liblldb-10
14424	libc6-i386
13887	libgcc-9-dev
13593	moby-runc
13239	libc6
12351	vim-doc
10791	perl-base
9930	libmysqlclient-dev
9863	libglib2.0-dev
9848	binutils-x86-64-linux-gnu
9831	libgtk-3-0
9532	gdb
9477	fish-common
9452	librsvg2-2
9012	libtsan0
8469	cmake-data
7900	libpython3.8-stdlib
7831	libssl-dev
7368	libmysqlclient21
7196	coreutils
6866	cppcheck
6741	dpkg
6296	linux-libc-dev
5723	libmagic-mgc
5591	ubuntu-mono
5488	python3.8-minimal
5425	swig3.0
5408	fish
5403	libpython3.8
5304	yarn
5135	adwaita-icon-theme
4810	libpython3.8-minimal
4644	tcl8.6-dev
4544	libgnutls28-dev
4543	util-linux
4358	libnss3
4192	apt
4126	openssh-client
4034	libssl1.1
4028	libtcl8.6
4020	xkb-data
3999	libglib2.0-0
3984	tzdata
3940	libgstreamer1.0-0
3879	manpages-dev
3784	gettext
3714	libc-bin
3586	groff-base
3414	libxml2-dev
3408	lynx-common
3328	libapt-pkg6.0
3266	tk8.6-dev
3227	lldb-10
3222	liblsan0
3170	python3-pygments
3048	vim
3015	libubsan1
2954	fonts-dejavu-core
2919	libxmlsec1-dev
2816	man-db
2737	sqlite3
2730	iproute2
2696	libbinutils
2669	passwd
2652	shared-mime-info
2639	iptables
2600	nettle-dev
2584	libsecret-1-dev
2530	libx11-dev
2496	libpcre2-dev
2446	libpfm4
2440	libstdc++6
2435	libobjc-9-dev
2342	libncurses-dev
2337	libtk8.6
2334	zsh
2316	libsqlite3-dev
2272	lib32stdc++6
2262	python-pip-whl
2243	libpcre3-dev
2204	sudo
2192	libgnutls30
2180	libdpkg-perl
2075	dpkg-dev
2010	libxslt1-dev
1989	libgcrypt20-dev
1980	bison
1965	libfontconfig1-dev
1948	libomp5-10
1945	lynx
1929	libfreetype-dev
1926	libisl22
1924	libxml2
1884	unixodbc-dev
1860	autoconf
1786	libsepol1-dev
1781	git-man
1749	libdb5.3
1683	libgmp-dev
1660	gawk
1660	bash
1654	x11proto-dev
1613	strace
1584	packagekit
1582	libunistring2
1557	manpages
1550	gnupg-utils
1545	automake
1540	vim-tiny
1524	llvm-10-tools
1509	libcurl4-openssl-dev
1507	libx11-data
1499	openssh-server
1492	e2fsprogs
1487	bash-completion
1472	libnss3-dev
1434	python3-setuptools
1375	libx11-6
1373	libxt-dev
1372	libepoxy0
1363	python3-distutils
1330	libcairo2
1323	libsqlite3-0
1271	libp11-kit0
1257	openssl
1229	re2c
1224	libgcrypt20
1198	libtool
1198	dialog
1171	libnspr4-dev
1166	libpam-modules
1135	gpg
1122	libkrb5-3
1122	libasound2
1096	libmpfr6
1072	libharfbuzz0b
1025	python3-pip
988	wget
964	libunbound8
945	libdw1
935	libblkid-dev
932	login
928	libmount-dev
924	libltdl-dev
918	dirmngr
911	gpg-agent
884	tar
879	libsystemd0
857	libexpat1-dev
848	nano
845	libarchive13
844	net-tools
837	libfreetype6
836	apt-utils
825	gdbserver
823	moby-tini
816	procps
807	libsodium-dev
795	libasn1-8-heimdal
783	liblttng-ust0
770	libcups2
765	libselinux1-dev
751	libbrotli1
750	libreadline-dev
746	perl
735	python3-lldb-10
734	libsepol1
729	libjs-jquery
725	libsoup2.4-1
725	libglvnd0
715	python3-apt
713	libbsd-dev
702	python3-lib2to3
701	libpng-dev
700	libzstd1
698	llvm-10-runtime
698	libcurl4
692	python3-gi
692	libpixman-1-0
690	libcurl3-gnutls
687	libxcb1-dev
679	icu-devtools
678	rsync
671	libpcre3
668	findutils
666	libkrb5-26-heimdal
657	libgl1
650	gir1.2-glib-2.0
642	ncurses-bin
637	bsdmainutils
634	libpam-systemd
631	libglib2.0-dev-bin
624	adduser
623	zip
621	libodbc1
620	libgdk-pixbuf2.0-0
619	dbus
608	libcolord2
598	libonig5
596	libpcre2-8-0
593	zlib1g-dev
589	liblzma-dev
587	libglx-mesa0
586	libthai-data
583	libpq-dev
579	unzip
577	libp11-kit-dev
568	python3-pkg-resources
568	gpgsm
567	libgmp10
560	policykit-1
559	libjpeg-turbo8
558	libtiff5
550	libbabeltrace1
549	libfdisk1
545	libgdiplus
543	libpcre2-16-0
543	libpcre16-3
541	libext2fs2
537	sound-theme-freedesktop
537	libtinfo6
532	diffutils
524	python3-yaml
523	libpcre32-3
523	libldap-2.4-2
522	libtinfo5
520	debconf
516	python3.8-dev
511	python3.8
511	libpcre2-32-0
509	libz3-dev
506	fdisk
499	gpgv
496	grep
495	libxslt1.1
495	libssh-4
495	libcryptsetup12
488	libedit-dev
484	libdevmapper1.02.1
482	libmount1
474	libgpg-error-dev
466	libdbus-1-3
455	lsof
451	libxt6
443	libc-dev-bin
441	libreadline8
440	libblkid1
440	hicolor-icon-theme
438	libpackagekit-glib2-18
435	libxmlsec1
434	mount
431	libwebp6
428	libappstream4
427	libgssapi-krb5-2
424	binutils-common
420	python3-dbus
420	libgtk-3-common
418	libpango-1.0-0
418	libncursesw6
418	libltdl7
417	python3-urllib3
413	libsecret-1-0
413	gnupg
411	python3-chardet
409	gpgconf
404	libpq5
403	libexpat1
403	curl
402	libsodium23
399	ca-certificates
396	libnettle7
396	libevent-2.1-7
392	base-files
389	liblcms2-2
384	make
383	libgc1c2
381	vim-common
381	ncurses-base
380	gnupg-l10n
369	fontconfig
364	libexif12
364	gettext-base
361	libvulkan1
361	liburcu6
361	libhx509-5-heimdal
357	libstemmer0d
350	m4
348	xz-utils
342	libjq1
341	libudev1
341	libpng16-16
339	libpam-modules-bin
338	libsmartcols1
338	alsa-ucm-conf
337	libncurses6
336	sed
334	libglib2.0-bin
330	liblttng-ust-ctl4
325	libgssapi3-heimdal
322	libncurses5
321	python3-idna
321	libcrypt-dev
320	clang-10
319	python3-certifi
318	libnspr4
318	libfontconfig1
313	x11-common
313	libxext-dev
309	odbcinst1debian2
305	libsemanage1
305	libglapi-mesa
305	libffi-dev
304	libquadmath0
304	libpam-runtime
304	bsdutils
302	xtrans-dev
301	less
300	libxmlsec1-openssl
300	libk5crypto3
286	libgomp1
284	psmisc
284	libcroco3
284	gsettings-desktop-schemas
281	libxkbcommon0
275	libhcrypto4-heimdal
275	gpg-wks-client
273	libtasn1-6-dev
271	gcc-10-base
268	python-apt-common
267	liblzma5
267	libksba8
266	libomp-10-dev
265	gcc-9-base
258	libgirepository-1.0-1
255	gpg-wks-server
253	pigz
252	libipc-run-perl
251	libyaml-dev
251	libuv1
250	libedit2
246	systemd-timesyncd
245	gzip
244	libidn11
243	libmpdec2
242	libatk-bridge2.0-0
241	libjsoncpp1
240	binfmt-support
239	libatspi2.0-0
237	moreutils
237	libidn2-dev
237	libhogweed5
235	libxmlsec1-nss
233	mawk
233	base-passwd
232	patch
231	libpam0g
230	debianutils
228	python3-requests
227	libice-dev
226	libcrypt1
226	bc
221	libnftnl11
220	libmagic1
220	htop
216	libnghttp2-14
216	libidn2-0
215	libobjc4
215	libasound2-data
212	libgdbm-dev
212	dash
210	libvorbis0a
209	glib-networking
207	xxd
207	librhash0
206	libxcb1
206	libwind0-heimdal
203	libgraphite2-3
202	libselinux1
199	libbsd0
198	libctf-nobfd0
196	software-properties-common
196	libatk1.0-0
195	libjson-glib-1.0-0
195	bzip2
194	libpcrecpp0v5
190	pkg-config
190	libxft-dev
189	python3
188	ucf
188	libunwind8
186	libdrm-intel1
185	libonig-dev
184	libuchardet0
184	libelf1
179	systemd-sysv
176	libgpg-error0
174	libxmlsec1-gcrypt
170	fontconfig-config
169	libapparmor1
168	uuid-dev
168	libkrb5support0
165	libfido2-1
164	zlib1g
163	libglx0
160	alsa-topology-conf
158	apt-transport-https
157	libpolkit-gobject-1-0
157	libaudit1
157	autotools-dev
156	libproxy1v5
156	libcc1-0
154	libxcb-glx0
154	gtk-update-icon-cache
152	libseccomp2
152	libsasl2-2
150	libgnutls-openssl27
149	liblz4-1
148	libyaml-0-2
145	libroken18-heimdal
145	libpangoft2-1.0-0
144	librtmp1
144	libgbm1
142	libnetfilter-conntrack3
142	libkmod2
141	openssh-sftp-server
140	libgnutls-dane0
139	libtdb1
139	libfribidi0
135	libxmlsec1-gnutls
133	init-system-helpers
130	python3-software-properties
130	libctf0
130	libavahi-client3
130	lib32gcc-s1
128	libprocps8
128	libdrm2
127	dbus-user-session
125	libtasn1-6
123	libuuid1
123	libtimedate-perl
121	libcanberra0
121	gir1.2-packagekitglib-1.0
120	python3-minimal
120	libpopt0
120	libice6
120	libgcc1
120	libgcc-s1
118	libxft2
118	libtinyxml2-6a
117	libcap2-bin
116	libpangocairo-1.0-0
115	librest-0.7-0
115	libitm1
114	mime-support
114	libheimbase1-heimdal
114	dconf-service
112	tree
112	libavahi-common-data
110	libxext6
110	libmpc3
110	libavahi-common3
109	libxtables12
109	libwrap0
109	libss2
109	liblmdb0
108	binutils
107	libwayland-server0
107	libdconf1
106	llvm
106	libxcb-randr0
106	libio-pty-perl
105	libassuan0
104	libglib2.0-data
103	ncdu
102	python3-wheel
102	libldap-common
101	xorg-sgml-doctools
101	libxrender-dev
101	libcom-err2
100	pinentry-curses
100	libsensors5
99	libbz2-1.0
98	libcairo-gobject2
97	libbz2-dev
97	jq
96	libthai0
95	libdrm-radeon1
93	logsave
92	libxi6
92	libjson-c4
91	libpsl5
89	libargon2-dev
88	libsm-dev
87	libgdbm6
87	dconf-gsettings-backend
86	libxcb-render0
86	libheimntlm0-heimdal
86	file
85	libx11-xcb1
85	libwayland-client0
84	libpipeline1
84	libdrm-amdgpu1
84	inotify-tools
82	libjbig0
82	libip6tc2
82	libip4tc2
82	libgnutlsxx28
82	libdrm-nouveau2
82	libcbor0.6
79	readline-common
79	libpolkit-agent-1-0
74	sysvinit-utils
74	libdebconfclient0
72	libnuma1
72	libgif7
71	liberror-perl
70	libogg0
70	libgl1-mesa-glx
70	libacl1
69	libxrandr2
68	libxdmcp-dev
68	javascript-common
67	libxcursor1
67	libfreetype6-dev
66	lsb-release
66	libsasl2-modules-db
65	libffi7
64	cpp
63	libvorbisfile3
63	librsvg2-common
62	sensible-utils
62	libdatrie1
61	libpciaccess0
61	libgmpxx4ldbl
60	libxrender1
60	libxcb-xfixes0
59	xsel
59	libxcb-sync1
59	libgpm2
58	python3-six
58	lsb-base
58	libwayland-cursor0
57	odbcinst
57	libinotifytools0
57	libcap2
57	libattr1
56	libargon2-1
55	libxau-dev
55	libsm6
54	hostname
52	libxss-dev
52	libgdk-pixbuf2.0-common
52	glib-networking-common
51	glib-networking-services
50	gnupg2
50	gcc
49	tcl8.6
48	libsoup-gnome2.4-1
48	libpython3-dev
48	libnfnetlink0
47	libxfixes3
47	libkeyutils1
46	ubuntu-keyring
46	libxcb-dri2-0
45	tk8.6
45	libdrm-common
45	libcap-ng0
45	libatomic1
44	libsecret-common
44	libatk1.0-data
43	netbase
43	libxdmcp6
43	libsigsegv2
43	gir1.2-secret-1
42	libxcb-dri3-0
42	libsensors-config
42	libmnl0
41	tcl-dev
40	libjson-glib-1.0-common
40	libgdbm-compat4
39	libxxf86vm1
38	libpython3-stdlib
36	xtail
36	libxcb-shm0
36	libxcb-present0
36	libsemanage-common
36	libnpth0
35	libxau6
35	libtime-duration-perl
34	python3-requests-unixsocket
34	mysql-common
34	libwayland-egl1
33	libxinerama1
33	libpcre2-posix2
32	libxss1
32	libxcomposite1
31	libxdamage1
26	libjpeg8
25	tk-dev
24	libaudit-common
23	lldb
23	clang
22	tk
22	tcl
22	libxshmfence1
21	build-essential
19	llvm-runtime
18	libpthread-stubs0-dev
18	distro-info-data
16	g++
11	x11proto-xext-dev
11	x11proto-scrnsaver-dev
11	x11proto-core-dev
11	python3-dev
10	default-libmysqlclient-dev
6	libtinfo-dev
6	libncurses5-dev
