2024_12_31 7:27:46
2024_12_31 7:27:47
ARBIBOT Dead
2024_12_31 7:28:32
2024_12_31 7:28:48
2024_12_31 7:35:24
2024_12_31 7:37:59
2024_12_31 7:39:11
ub_bid / bt_ask : 1483 / 1484
WS UB Dead
ARBIBOT Dead
2024_12_31 7:45:4
2024_12_31 7:45:17
2024_12_31 7:46:6
2024_12_31 7:46:13
ARBIBOT Dead
2024_12_31 7:46:37
2024_12_31 7:46:44
ARBIBOT Dead
2024_12_31 7:47:13
2024_12_31 7:47:18
Arbitration :
 bt.ask_price = 1483
 ub.bid_price = 1482
2024_12_31 7:47:19
Arbitration :
 bt.ask_price = 1483
 ub.bid_price = 1482
2024_12_31 7:47:20
ARBIBOT Dead
2024_12_31 7:48:58
2024_12_31 7:49:3
ub_bid / bt_ask : 1482 / 1483
Arbitration :
 bt.ask_price = 1483
 ub.bid_price = 1482
2024_12_31 7:49:5
ARBIBOT Dead
2024_12_31 7:49:44
2024_12_31 7:49:51
ARBIBOT Dead
2024_12_31 7:50:8
2024_12_31 7:50:31
2024_12_31 7:50:35
Arbitration :
 bt.ask_price = 1483.0
 ub.bid_price = 1481
2024_12_31 7:50:36
Arbitration :
 bt.ask_price = 1483.0
 ub.bid_price = 1481
2024_12_31 7:52:3
2024_12_31 7:52:7
Arbitration :
 bt.ask_price = 1482
 ub.bid_price = 1481
2024_12_31 7:52:8
Arbitration :
 bt.ask_price = 1482
 ub.bid_price = 1481
2024_12_31 21:16:24
2025_1_2 1:11:16
2025_1_2 1:11:22
Arbitration :
 bt.ask_price = 1494
 ub.bid_price = 1493
2025_1_2 1:12:26
2025_1_2 1:12:31
Arbitration :
 bt.ask_price = 1494
 ub.bid_price = 1493
2025_1_2 1:15:3
2025_1_2 1:15:9
Arbitration :
 bt.ask_price = 1494
 ub.bid_price = 1493
2025_1_2 10:34:6
2025_1_2 10:34:11
Arbitration :
 bt.ask_price = 1484
 ub.bid_price = 1484
2025_1_2 14:27:44
2025_1_2 20:40:22
2025_1_2 23:32:32
WS UB Dead
ARBIBOT Dead
2025_1_2 23:40:31
2025_1_4 6:11:45
